<?xml version="1.0" encoding="utf-8" standalone="no"?>
<!--This file represents the results of running a test suite-->
<test-results name="C:\Users\knispeja\Documents\GitHub\CSSE376---The-Tunnel-Snakes\StrategoTest\bin\Debug\StrategoTest.dll" total="304" errors="0" failures="0" not-run="0" inconclusive="0" ignored="0" skipped="0" invalid="0" date="2015-04-03" time="16:07:00">
  <environment nunit-version="2.6.4.14350" clr-version="2.0.50727.5485" os-version="Microsoft Windows NT 6.1.7601 Service Pack 1" platform="Win32NT" cwd="C:\Program Files (x86)\NUnit 2.6.4\bin" machine-name="KNISPEJA-1" user="knispeja" user-domain="KNISPEJA-1" />
  <culture-info current-culture="en-US" current-uiculture="en-US" />
  <test-suite type="Assembly" name="C:\Users\knispeja\Documents\GitHub\CSSE376---The-Tunnel-Snakes\StrategoTest\bin\Debug\StrategoTest.dll" executed="True" result="Success" success="True" time="4.911" asserts="0">
    <results>
      <test-suite type="Namespace" name="StrategoTest" executed="True" result="Success" success="True" time="4.896" asserts="0">
        <results>
          <test-suite type="TestFixture" name="MainTest" executed="True" result="Success" success="True" time="4.702" asserts="0">
            <results>
              <test-suite type="ParameterizedTest" name="TestThatNothingCanBePlacedInFilledSpace" executed="True" result="Success" success="True" time="4.450" asserts="0">
                <results>
                  <test-case name="StrategoTest.MainTest.TestThatNothingCanBePlacedInFilledSpace(-12,200,200)" executed="True" result="Success" success="True" time="4.407" asserts="1" />
                  <test-case name="StrategoTest.MainTest.TestThatNothingCanBePlacedInFilledSpace(-2,100,100)" executed="True" result="Success" success="True" time="0.000" asserts="1" />
                  <test-case name="StrategoTest.MainTest.TestThatNothingCanBePlacedInFilledSpace(-5,100,100)" executed="True" result="Success" success="True" time="0.000" asserts="1" />
                  <test-case name="StrategoTest.MainTest.TestThatNothingCanBePlacedInFilledSpace(-6,100,100)" executed="True" result="Success" success="True" time="0.000" asserts="1" />
                  <test-case name="StrategoTest.MainTest.TestThatNothingCanBePlacedInFilledSpace(-7,100,100)" executed="True" result="Success" success="True" time="0.000" asserts="1" />
                  <test-case name="StrategoTest.MainTest.TestThatNothingCanBePlacedInFilledSpace(-8,100,100)" executed="True" result="Success" success="True" time="0.000" asserts="1" />
                  <test-case name="StrategoTest.MainTest.TestThatNothingCanBePlacedInFilledSpace(-9,100,100)" executed="True" result="Success" success="True" time="0.000" asserts="1" />
                  <test-case name="StrategoTest.MainTest.TestThatNothingCanBePlacedInFilledSpace(-10,100,100)" executed="True" result="Success" success="True" time="0.000" asserts="1" />
                  <test-case name="StrategoTest.MainTest.TestThatNothingCanBePlacedInFilledSpace(-11,100,100)" executed="True" result="Success" success="True" time="0.000" asserts="1" />
                  <test-case name="StrategoTest.MainTest.TestThatNothingCanBePlacedInFilledSpace(-1,100,100)" executed="True" result="Success" success="True" time="0.000" asserts="1" />
                  <test-case name="StrategoTest.MainTest.TestThatNothingCanBePlacedInFilledSpace(1,100,100)" executed="True" result="Success" success="True" time="0.000" asserts="1" />
                  <test-case name="StrategoTest.MainTest.TestThatNothingCanBePlacedInFilledSpace(-12,300,300)" executed="True" result="Success" success="True" time="0.000" asserts="1" />
                  <test-case name="StrategoTest.MainTest.TestThatNothingCanBePlacedInFilledSpace(-12,400,400)" executed="True" result="Success" success="True" time="0.000" asserts="1" />
                  <test-case name="StrategoTest.MainTest.TestThatNothingCanBePlacedInFilledSpace(-12,101,101)" executed="True" result="Success" success="True" time="0.000" asserts="1" />
                  <test-case name="StrategoTest.MainTest.TestThatNothingCanBePlacedInFilledSpace(-12,201,201)" executed="True" result="Success" success="True" time="0.000" asserts="1" />
                  <test-case name="StrategoTest.MainTest.TestThatNothingCanBePlacedInFilledSpace(-12,301,301)" executed="True" result="Success" success="True" time="0.000" asserts="1" />
                  <test-case name="StrategoTest.MainTest.TestThatNothingCanBePlacedInFilledSpace(-12,401,401)" executed="True" result="Success" success="True" time="0.000" asserts="1" />
                  <test-case name="StrategoTest.MainTest.TestThatNothingCanBePlacedInFilledSpace(-3,100,100)" executed="True" result="Success" success="True" time="0.000" asserts="1" />
                  <test-case name="StrategoTest.MainTest.TestThatNothingCanBePlacedInFilledSpace(-4,100,100)" executed="True" result="Success" success="True" time="0.000" asserts="1" />
                  <test-case name="StrategoTest.MainTest.TestThatNothingCanBePlacedInFilledSpace(2,100,100)" executed="True" result="Success" success="True" time="0.000" asserts="1" />
                  <test-case name="StrategoTest.MainTest.TestThatNothingCanBePlacedInFilledSpace(-12,100,100)" executed="True" result="Success" success="True" time="0.000" asserts="1" />
                  <test-case name="StrategoTest.MainTest.TestThatNothingCanBePlacedInFilledSpace(3,100,100)" executed="True" result="Success" success="True" time="0.000" asserts="1" />
                  <test-case name="StrategoTest.MainTest.TestThatNothingCanBePlacedInFilledSpace(4,100,100)" executed="True" result="Success" success="True" time="0.000" asserts="1" />
                  <test-case name="StrategoTest.MainTest.TestThatNothingCanBePlacedInFilledSpace(5,100,100)" executed="True" result="Success" success="True" time="0.000" asserts="1" />
                  <test-case name="StrategoTest.MainTest.TestThatNothingCanBePlacedInFilledSpace(6,100,100)" executed="True" result="Success" success="True" time="0.000" asserts="1" />
                  <test-case name="StrategoTest.MainTest.TestThatNothingCanBePlacedInFilledSpace(7,100,100)" executed="True" result="Success" success="True" time="0.000" asserts="1" />
                  <test-case name="StrategoTest.MainTest.TestThatNothingCanBePlacedInFilledSpace(8,100,100)" executed="True" result="Success" success="True" time="0.000" asserts="1" />
                  <test-case name="StrategoTest.MainTest.TestThatNothingCanBePlacedInFilledSpace(9,100,100)" executed="True" result="Success" success="True" time="0.000" asserts="1" />
                  <test-case name="StrategoTest.MainTest.TestThatNothingCanBePlacedInFilledSpace(10,100,100)" executed="True" result="Success" success="True" time="0.000" asserts="1" />
                  <test-case name="StrategoTest.MainTest.TestThatNothingCanBePlacedInFilledSpace(11,100,100)" executed="True" result="Success" success="True" time="0.000" asserts="1" />
                  <test-case name="StrategoTest.MainTest.TestThatNothingCanBePlacedInFilledSpace(12,100,100)" executed="True" result="Success" success="True" time="0.000" asserts="1" />
                </results>
              </test-suite>
              <test-suite type="ParameterizedTest" name="TestThatNothingCanBePlacedInFilledSpaceV2" executed="True" result="Success" success="True" time="0.025" asserts="0">
                <results>
                  <test-case name="StrategoTest.MainTest.TestThatNothingCanBePlacedInFilledSpaceV2(1,201,200)" executed="True" result="Success" success="True" time="0.000" asserts="1" />
                  <test-case name="StrategoTest.MainTest.TestThatNothingCanBePlacedInFilledSpaceV2(1,0,201)" executed="True" result="Success" success="True" time="0.000" asserts="1" />
                  <test-case name="StrategoTest.MainTest.TestThatNothingCanBePlacedInFilledSpaceV2(1,0,601)" executed="True" result="Success" success="True" time="0.000" asserts="1" />
                  <test-case name="StrategoTest.MainTest.TestThatNothingCanBePlacedInFilledSpaceV2(1,0,801)" executed="True" result="Success" success="True" time="0.000" asserts="1" />
                  <test-case name="StrategoTest.MainTest.TestThatNothingCanBePlacedInFilledSpaceV2(1,0,401)" executed="True" result="Success" success="True" time="0.000" asserts="1" />
                  <test-case name="StrategoTest.MainTest.TestThatNothingCanBePlacedInFilledSpaceV2(1,400,400)" executed="True" result="Success" success="True" time="0.000" asserts="1" />
                  <test-case name="StrategoTest.MainTest.TestThatNothingCanBePlacedInFilledSpaceV2(1,600,600)" executed="True" result="Success" success="True" time="0.000" asserts="1" />
                  <test-case name="StrategoTest.MainTest.TestThatNothingCanBePlacedInFilledSpaceV2(1,800,800)" executed="True" result="Success" success="True" time="0.000" asserts="1" />
                  <test-case name="StrategoTest.MainTest.TestThatNothingCanBePlacedInFilledSpaceV2(1,201,201)" executed="True" result="Success" success="True" time="0.000" asserts="1" />
                  <test-case name="StrategoTest.MainTest.TestThatNothingCanBePlacedInFilledSpaceV2(1,401,401)" executed="True" result="Success" success="True" time="0.000" asserts="1" />
                  <test-case name="StrategoTest.MainTest.TestThatNothingCanBePlacedInFilledSpaceV2(1,601,601)" executed="True" result="Success" success="True" time="0.000" asserts="1" />
                  <test-case name="StrategoTest.MainTest.TestThatNothingCanBePlacedInFilledSpaceV2(1,801,801)" executed="True" result="Success" success="True" time="0.000" asserts="1" />
                  <test-case name="StrategoTest.MainTest.TestThatNothingCanBePlacedInFilledSpaceV2(1,200,201)" executed="True" result="Success" success="True" time="0.000" asserts="1" />
                  <test-case name="StrategoTest.MainTest.TestThatNothingCanBePlacedInFilledSpaceV2(1,400,401)" executed="True" result="Success" success="True" time="0.000" asserts="1" />
                  <test-case name="StrategoTest.MainTest.TestThatNothingCanBePlacedInFilledSpaceV2(1,600,601)" executed="True" result="Success" success="True" time="0.000" asserts="1" />
                  <test-case name="StrategoTest.MainTest.TestThatNothingCanBePlacedInFilledSpaceV2(1,800,801)" executed="True" result="Success" success="True" time="0.000" asserts="1" />
                  <test-case name="StrategoTest.MainTest.TestThatNothingCanBePlacedInFilledSpaceV2(1,200,200)" executed="True" result="Success" success="True" time="0.000" asserts="1" />
                  <test-case name="StrategoTest.MainTest.TestThatNothingCanBePlacedInFilledSpaceV2(1,401,400)" executed="True" result="Success" success="True" time="0.000" asserts="1" />
                  <test-case name="StrategoTest.MainTest.TestThatNothingCanBePlacedInFilledSpaceV2(1,601,600)" executed="True" result="Success" success="True" time="0.000" asserts="1" />
                  <test-case name="StrategoTest.MainTest.TestThatNothingCanBePlacedInFilledSpaceV2(1,801,800)" executed="True" result="Success" success="True" time="0.000" asserts="1" />
                </results>
              </test-suite>
              <test-suite type="ParameterizedTest" name="TestThatNothingCanBePlacedInFilledSpaceV3" executed="True" result="Success" success="True" time="0.008" asserts="0">
                <results>
                  <test-case name="StrategoTest.MainTest.TestThatNothingCanBePlacedInFilledSpaceV3(1,200,200)" executed="True" result="Success" success="True" time="0.001" asserts="1" />
                  <test-case name="StrategoTest.MainTest.TestThatNothingCanBePlacedInFilledSpaceV3(1,600,300)" executed="True" result="Success" success="True" time="0.000" asserts="1" />
                  <test-case name="StrategoTest.MainTest.TestThatNothingCanBePlacedInFilledSpaceV3(1,0,200)" executed="True" result="Success" success="True" time="0.000" asserts="1" />
                  <test-case name="StrategoTest.MainTest.TestThatNothingCanBePlacedInFilledSpaceV3(1,400,200)" executed="True" result="Success" success="True" time="0.000" asserts="1" />
                  <test-case name="StrategoTest.MainTest.TestThatNothingCanBePlacedInFilledSpaceV3(1,200,100)" executed="True" result="Success" success="True" time="0.000" asserts="1" />
                </results>
              </test-suite>
              <test-suite type="ParameterizedTest" name="TestThatNothingCanBePlacedInFilledSpaceV4" executed="True" result="Success" success="True" time="0.004" asserts="0">
                <results>
                  <test-case name="StrategoTest.MainTest.TestThatNothingCanBePlacedInFilledSpaceV4(1,369,762)" executed="True" result="Success" success="True" time="0.000" asserts="1" />
                  <test-case name="StrategoTest.MainTest.TestThatNothingCanBePlacedInFilledSpaceV4(1,123,254)" executed="True" result="Success" success="True" time="0.000" asserts="1" />
                  <test-case name="StrategoTest.MainTest.TestThatNothingCanBePlacedInFilledSpaceV4(1,246,508)" executed="True" result="Success" success="True" time="0.000" asserts="1" />
                </results>
              </test-suite>
              <test-suite type="ParameterizedTest" name="TestThatNothingCanBePlacedOnObstacle" executed="True" result="Success" success="True" time="0.044" asserts="0">
                <results>
                  <test-case name="StrategoTest.MainTest.TestThatNothingCanBePlacedOnObstacle(-10,100,100)" executed="True" result="Success" success="True" time="0.001" asserts="1" />
                  <test-case name="StrategoTest.MainTest.TestThatNothingCanBePlacedOnObstacle(-12,401,401)" executed="True" result="Success" success="True" time="0.000" asserts="1" />
                  <test-case name="StrategoTest.MainTest.TestThatNothingCanBePlacedOnObstacle(2,100,100)" executed="True" result="Success" success="True" time="0.000" asserts="1" />
                  <test-case name="StrategoTest.MainTest.TestThatNothingCanBePlacedOnObstacle(3,100,100)" executed="True" result="Success" success="True" time="0.000" asserts="1" />
                  <test-case name="StrategoTest.MainTest.TestThatNothingCanBePlacedOnObstacle(4,100,100)" executed="True" result="Success" success="True" time="0.000" asserts="1" />
                  <test-case name="StrategoTest.MainTest.TestThatNothingCanBePlacedOnObstacle(5,100,100)" executed="True" result="Success" success="True" time="0.000" asserts="1" />
                  <test-case name="StrategoTest.MainTest.TestThatNothingCanBePlacedOnObstacle(6,100,100)" executed="True" result="Success" success="True" time="0.000" asserts="1" />
                  <test-case name="StrategoTest.MainTest.TestThatNothingCanBePlacedOnObstacle(7,100,100)" executed="True" result="Success" success="True" time="0.000" asserts="1" />
                  <test-case name="StrategoTest.MainTest.TestThatNothingCanBePlacedOnObstacle(8,100,100)" executed="True" result="Success" success="True" time="0.000" asserts="1" />
                  <test-case name="StrategoTest.MainTest.TestThatNothingCanBePlacedOnObstacle(9,100,100)" executed="True" result="Success" success="True" time="0.000" asserts="1" />
                  <test-case name="StrategoTest.MainTest.TestThatNothingCanBePlacedOnObstacle(10,100,100)" executed="True" result="Success" success="True" time="0.000" asserts="1" />
                  <test-case name="StrategoTest.MainTest.TestThatNothingCanBePlacedOnObstacle(11,100,100)" executed="True" result="Success" success="True" time="0.000" asserts="1" />
                  <test-case name="StrategoTest.MainTest.TestThatNothingCanBePlacedOnObstacle(12,100,100)" executed="True" result="Success" success="True" time="0.000" asserts="1" />
                  <test-case name="StrategoTest.MainTest.TestThatNothingCanBePlacedOnObstacle(-1,100,100)" executed="True" result="Success" success="True" time="0.000" asserts="1" />
                  <test-case name="StrategoTest.MainTest.TestThatNothingCanBePlacedOnObstacle(-2,100,100)" executed="True" result="Success" success="True" time="0.000" asserts="1" />
                  <test-case name="StrategoTest.MainTest.TestThatNothingCanBePlacedOnObstacle(-3,100,100)" executed="True" result="Success" success="True" time="0.000" asserts="1" />
                  <test-case name="StrategoTest.MainTest.TestThatNothingCanBePlacedOnObstacle(-4,100,100)" executed="True" result="Success" success="True" time="0.000" asserts="1" />
                  <test-case name="StrategoTest.MainTest.TestThatNothingCanBePlacedOnObstacle(-5,100,100)" executed="True" result="Success" success="True" time="0.000" asserts="1" />
                  <test-case name="StrategoTest.MainTest.TestThatNothingCanBePlacedOnObstacle(-6,100,100)" executed="True" result="Success" success="True" time="0.000" asserts="1" />
                  <test-case name="StrategoTest.MainTest.TestThatNothingCanBePlacedOnObstacle(-7,100,100)" executed="True" result="Success" success="True" time="0.000" asserts="1" />
                  <test-case name="StrategoTest.MainTest.TestThatNothingCanBePlacedOnObstacle(-8,100,100)" executed="True" result="Success" success="True" time="0.000" asserts="1" />
                  <test-case name="StrategoTest.MainTest.TestThatNothingCanBePlacedOnObstacle(-9,100,100)" executed="True" result="Success" success="True" time="0.000" asserts="1" />
                  <test-case name="StrategoTest.MainTest.TestThatNothingCanBePlacedOnObstacle(1,100,100)" executed="True" result="Success" success="True" time="0.000" asserts="1" />
                  <test-case name="StrategoTest.MainTest.TestThatNothingCanBePlacedOnObstacle(-11,100,100)" executed="True" result="Success" success="True" time="0.000" asserts="1" />
                  <test-case name="StrategoTest.MainTest.TestThatNothingCanBePlacedOnObstacle(-12,100,100)" executed="True" result="Success" success="True" time="0.000" asserts="1" />
                  <test-case name="StrategoTest.MainTest.TestThatNothingCanBePlacedOnObstacle(-12,200,200)" executed="True" result="Success" success="True" time="0.000" asserts="1" />
                  <test-case name="StrategoTest.MainTest.TestThatNothingCanBePlacedOnObstacle(-12,300,300)" executed="True" result="Success" success="True" time="0.000" asserts="1" />
                  <test-case name="StrategoTest.MainTest.TestThatNothingCanBePlacedOnObstacle(-12,400,400)" executed="True" result="Success" success="True" time="0.000" asserts="1" />
                  <test-case name="StrategoTest.MainTest.TestThatNothingCanBePlacedOnObstacle(-12,101,101)" executed="True" result="Success" success="True" time="0.000" asserts="1" />
                  <test-case name="StrategoTest.MainTest.TestThatNothingCanBePlacedOnObstacle(-12,201,201)" executed="True" result="Success" success="True" time="0.000" asserts="1" />
                  <test-case name="StrategoTest.MainTest.TestThatNothingCanBePlacedOnObstacle(-12,301,301)" executed="True" result="Success" success="True" time="0.000" asserts="1" />
                </results>
              </test-suite>
              <test-suite type="ParameterizedTest" name="TestThatNothingCanBePlacedOnObstacleV2" executed="True" result="Success" success="True" time="0.031" asserts="0">
                <results>
                  <test-case name="StrategoTest.MainTest.TestThatNothingCanBePlacedOnObstacleV2(1,400,401)" executed="True" result="Success" success="True" time="0.001" asserts="1" />
                  <test-case name="StrategoTest.MainTest.TestThatNothingCanBePlacedOnObstacleV2(1,0,201)" executed="True" result="Success" success="True" time="0.000" asserts="1" />
                  <test-case name="StrategoTest.MainTest.TestThatNothingCanBePlacedOnObstacleV2(1,0,401)" executed="True" result="Success" success="True" time="0.000" asserts="1" />
                  <test-case name="StrategoTest.MainTest.TestThatNothingCanBePlacedOnObstacleV2(1,0,601)" executed="True" result="Success" success="True" time="0.000" asserts="1" />
                  <test-case name="StrategoTest.MainTest.TestThatNothingCanBePlacedOnObstacleV2(1,0,801)" executed="True" result="Success" success="True" time="0.000" asserts="1" />
                  <test-case name="StrategoTest.MainTest.TestThatNothingCanBePlacedOnObstacleV2(1,400,400)" executed="True" result="Success" success="True" time="0.000" asserts="1" />
                  <test-case name="StrategoTest.MainTest.TestThatNothingCanBePlacedOnObstacleV2(1,600,600)" executed="True" result="Success" success="True" time="0.000" asserts="1" />
                  <test-case name="StrategoTest.MainTest.TestThatNothingCanBePlacedOnObstacleV2(1,200,201)" executed="True" result="Success" success="True" time="0.000" asserts="1" />
                  <test-case name="StrategoTest.MainTest.TestThatNothingCanBePlacedOnObstacleV2(1,800,800)" executed="True" result="Success" success="True" time="0.000" asserts="1" />
                  <test-case name="StrategoTest.MainTest.TestThatNothingCanBePlacedOnObstacleV2(1,201,201)" executed="True" result="Success" success="True" time="0.000" asserts="1" />
                  <test-case name="StrategoTest.MainTest.TestThatNothingCanBePlacedOnObstacleV2(1,401,401)" executed="True" result="Success" success="True" time="0.000" asserts="1" />
                  <test-case name="StrategoTest.MainTest.TestThatNothingCanBePlacedOnObstacleV2(1,601,601)" executed="True" result="Success" success="True" time="0.000" asserts="1" />
                  <test-case name="StrategoTest.MainTest.TestThatNothingCanBePlacedOnObstacleV2(1,801,801)" executed="True" result="Success" success="True" time="0.000" asserts="1" />
                  <test-case name="StrategoTest.MainTest.TestThatNothingCanBePlacedOnObstacleV2(1,800,801)" executed="True" result="Success" success="True" time="0.000" asserts="1" />
                  <test-case name="StrategoTest.MainTest.TestThatNothingCanBePlacedOnObstacleV2(1,200,200)" executed="True" result="Success" success="True" time="0.000" asserts="1" />
                  <test-case name="StrategoTest.MainTest.TestThatNothingCanBePlacedOnObstacleV2(1,600,601)" executed="True" result="Success" success="True" time="0.000" asserts="1" />
                  <test-case name="StrategoTest.MainTest.TestThatNothingCanBePlacedOnObstacleV2(1,401,400)" executed="True" result="Success" success="True" time="0.000" asserts="1" />
                  <test-case name="StrategoTest.MainTest.TestThatNothingCanBePlacedOnObstacleV2(1,801,800)" executed="True" result="Success" success="True" time="0.000" asserts="1" />
                  <test-case name="StrategoTest.MainTest.TestThatNothingCanBePlacedOnObstacleV2(1,201,200)" executed="True" result="Success" success="True" time="0.000" asserts="1" />
                  <test-case name="StrategoTest.MainTest.TestThatNothingCanBePlacedOnObstacleV2(1,601,600)" executed="True" result="Success" success="True" time="0.000" asserts="1" />
                </results>
              </test-suite>
              <test-suite type="ParameterizedTest" name="TestThatNothingCanBePlacedOnObstacleV3" executed="True" result="Success" success="True" time="0.006" asserts="0">
                <results>
                  <test-case name="StrategoTest.MainTest.TestThatNothingCanBePlacedOnObstacleV3(1,600,300)" executed="True" result="Success" success="True" time="0.001" asserts="1" />
                  <test-case name="StrategoTest.MainTest.TestThatNothingCanBePlacedOnObstacleV3(1,200,100)" executed="True" result="Success" success="True" time="0.000" asserts="1" />
                  <test-case name="StrategoTest.MainTest.TestThatNothingCanBePlacedOnObstacleV3(1,200,200)" executed="True" result="Success" success="True" time="0.000" asserts="1" />
                  <test-case name="StrategoTest.MainTest.TestThatNothingCanBePlacedOnObstacleV3(1,400,200)" executed="True" result="Success" success="True" time="0.000" asserts="1" />
                  <test-case name="StrategoTest.MainTest.TestThatNothingCanBePlacedOnObstacleV3(1,0,200)" executed="True" result="Success" success="True" time="0.000" asserts="1" />
                </results>
              </test-suite>
              <test-suite type="ParameterizedTest" name="TestThatNothingCanBePlacedOnObstacleV4" executed="True" result="Success" success="True" time="0.003" asserts="0">
                <results>
                  <test-case name="StrategoTest.MainTest.TestThatNothingCanBePlacedOnObstacleV4(1,123,254)" executed="True" result="Success" success="True" time="0.000" asserts="1" />
                  <test-case name="StrategoTest.MainTest.TestThatNothingCanBePlacedOnObstacleV4(1,369,762)" executed="True" result="Success" success="True" time="0.000" asserts="1" />
                  <test-case name="StrategoTest.MainTest.TestThatNothingCanBePlacedOnObstacleV4(1,246,508)" executed="True" result="Success" success="True" time="0.000" asserts="1" />
                </results>
              </test-suite>
              <test-suite type="ParameterizedTest" name="TestThatPieceIsPlacedIntoEmptySpace" executed="True" result="Success" success="True" time="0.047" asserts="0">
                <results>
                  <test-case name="StrategoTest.MainTest.TestThatPieceIsPlacedIntoEmptySpace(7,100,100)" executed="True" result="Success" success="True" time="0.005" asserts="2" />
                  <test-case name="StrategoTest.MainTest.TestThatPieceIsPlacedIntoEmptySpace(-3,100,100)" executed="True" result="Success" success="True" time="0.000" asserts="2" />
                  <test-case name="StrategoTest.MainTest.TestThatPieceIsPlacedIntoEmptySpace(-4,100,100)" executed="True" result="Success" success="True" time="0.000" asserts="2" />
                  <test-case name="StrategoTest.MainTest.TestThatPieceIsPlacedIntoEmptySpace(-5,100,100)" executed="True" result="Success" success="True" time="0.000" asserts="2" />
                  <test-case name="StrategoTest.MainTest.TestThatPieceIsPlacedIntoEmptySpace(-6,100,100)" executed="True" result="Success" success="True" time="0.000" asserts="2" />
                  <test-case name="StrategoTest.MainTest.TestThatPieceIsPlacedIntoEmptySpace(-7,100,100)" executed="True" result="Success" success="True" time="0.000" asserts="2" />
                  <test-case name="StrategoTest.MainTest.TestThatPieceIsPlacedIntoEmptySpace(-8,100,100)" executed="True" result="Success" success="True" time="0.000" asserts="2" />
                  <test-case name="StrategoTest.MainTest.TestThatPieceIsPlacedIntoEmptySpace(-2,100,100)" executed="True" result="Success" success="True" time="0.000" asserts="2" />
                  <test-case name="StrategoTest.MainTest.TestThatPieceIsPlacedIntoEmptySpace(-10,100,100)" executed="True" result="Success" success="True" time="0.000" asserts="2" />
                  <test-case name="StrategoTest.MainTest.TestThatPieceIsPlacedIntoEmptySpace(-11,100,100)" executed="True" result="Success" success="True" time="0.000" asserts="2" />
                  <test-case name="StrategoTest.MainTest.TestThatPieceIsPlacedIntoEmptySpace(-12,100,100)" executed="True" result="Success" success="True" time="0.000" asserts="2" />
                  <test-case name="StrategoTest.MainTest.TestThatPieceIsPlacedIntoEmptySpace(-12,200,200)" executed="True" result="Success" success="True" time="0.000" asserts="2" />
                  <test-case name="StrategoTest.MainTest.TestThatPieceIsPlacedIntoEmptySpace(-12,300,300)" executed="True" result="Success" success="True" time="0.000" asserts="2" />
                  <test-case name="StrategoTest.MainTest.TestThatPieceIsPlacedIntoEmptySpace(-12,400,400)" executed="True" result="Success" success="True" time="0.000" asserts="2" />
                  <test-case name="StrategoTest.MainTest.TestThatPieceIsPlacedIntoEmptySpace(-12,101,101)" executed="True" result="Success" success="True" time="0.000" asserts="2" />
                  <test-case name="StrategoTest.MainTest.TestThatPieceIsPlacedIntoEmptySpace(-12,201,201)" executed="True" result="Success" success="True" time="0.000" asserts="2" />
                  <test-case name="StrategoTest.MainTest.TestThatPieceIsPlacedIntoEmptySpace(-12,301,301)" executed="True" result="Success" success="True" time="0.000" asserts="2" />
                  <test-case name="StrategoTest.MainTest.TestThatPieceIsPlacedIntoEmptySpace(-12,401,401)" executed="True" result="Success" success="True" time="0.000" asserts="2" />
                  <test-case name="StrategoTest.MainTest.TestThatPieceIsPlacedIntoEmptySpace(2,100,100)" executed="True" result="Success" success="True" time="0.000" asserts="2" />
                  <test-case name="StrategoTest.MainTest.TestThatPieceIsPlacedIntoEmptySpace(-9,100,100)" executed="True" result="Success" success="True" time="0.000" asserts="2" />
                  <test-case name="StrategoTest.MainTest.TestThatPieceIsPlacedIntoEmptySpace(3,100,100)" executed="True" result="Success" success="True" time="0.000" asserts="2" />
                  <test-case name="StrategoTest.MainTest.TestThatPieceIsPlacedIntoEmptySpace(4,100,100)" executed="True" result="Success" success="True" time="0.000" asserts="2" />
                  <test-case name="StrategoTest.MainTest.TestThatPieceIsPlacedIntoEmptySpace(5,100,100)" executed="True" result="Success" success="True" time="0.000" asserts="2" />
                  <test-case name="StrategoTest.MainTest.TestThatPieceIsPlacedIntoEmptySpace(6,100,100)" executed="True" result="Success" success="True" time="0.000" asserts="2" />
                  <test-case name="StrategoTest.MainTest.TestThatPieceIsPlacedIntoEmptySpace(1,100,100)" executed="True" result="Success" success="True" time="0.000" asserts="2" />
                  <test-case name="StrategoTest.MainTest.TestThatPieceIsPlacedIntoEmptySpace(8,100,100)" executed="True" result="Success" success="True" time="0.000" asserts="2" />
                  <test-case name="StrategoTest.MainTest.TestThatPieceIsPlacedIntoEmptySpace(9,100,100)" executed="True" result="Success" success="True" time="0.000" asserts="2" />
                  <test-case name="StrategoTest.MainTest.TestThatPieceIsPlacedIntoEmptySpace(10,100,100)" executed="True" result="Success" success="True" time="0.000" asserts="2" />
                  <test-case name="StrategoTest.MainTest.TestThatPieceIsPlacedIntoEmptySpace(11,100,100)" executed="True" result="Success" success="True" time="0.000" asserts="2" />
                  <test-case name="StrategoTest.MainTest.TestThatPieceIsPlacedIntoEmptySpace(12,100,100)" executed="True" result="Success" success="True" time="0.000" asserts="2" />
                  <test-case name="StrategoTest.MainTest.TestThatPieceIsPlacedIntoEmptySpace(-1,100,100)" executed="True" result="Success" success="True" time="0.000" asserts="2" />
                </results>
              </test-suite>
              <test-suite type="ParameterizedTest" name="TestThatPieceIsPlacedIntoEmptySpaceV2" executed="True" result="Success" success="True" time="0.028" asserts="0">
                <results>
                  <test-case name="StrategoTest.MainTest.TestThatPieceIsPlacedIntoEmptySpaceV2(1,0,600)" executed="True" result="Success" success="True" time="0.000" asserts="2" />
                  <test-case name="StrategoTest.MainTest.TestThatPieceIsPlacedIntoEmptySpaceV2(1,0,400)" executed="True" result="Success" success="True" time="0.000" asserts="2" />
                  <test-case name="StrategoTest.MainTest.TestThatPieceIsPlacedIntoEmptySpaceV2(1,200,200)" executed="True" result="Success" success="True" time="0.000" asserts="2" />
                  <test-case name="StrategoTest.MainTest.TestThatPieceIsPlacedIntoEmptySpaceV2(1,0,800)" executed="True" result="Success" success="True" time="0.000" asserts="2" />
                  <test-case name="StrategoTest.MainTest.TestThatPieceIsPlacedIntoEmptySpaceV2(1,601,601)" executed="True" result="Success" success="True" time="0.000" asserts="2" />
                  <test-case name="StrategoTest.MainTest.TestThatPieceIsPlacedIntoEmptySpaceV2(1,0,200)" executed="True" result="Success" success="True" time="0.000" asserts="2" />
                  <test-case name="StrategoTest.MainTest.TestThatPieceIsPlacedIntoEmptySpaceV2(1,400,400)" executed="True" result="Success" success="True" time="0.000" asserts="2" />
                  <test-case name="StrategoTest.MainTest.TestThatPieceIsPlacedIntoEmptySpaceV2(1,600,600)" executed="True" result="Success" success="True" time="0.000" asserts="2" />
                  <test-case name="StrategoTest.MainTest.TestThatPieceIsPlacedIntoEmptySpaceV2(1,800,800)" executed="True" result="Success" success="True" time="0.000" asserts="2" />
                  <test-case name="StrategoTest.MainTest.TestThatPieceIsPlacedIntoEmptySpaceV2(1,201,201)" executed="True" result="Success" success="True" time="0.000" asserts="2" />
                  <test-case name="StrategoTest.MainTest.TestThatPieceIsPlacedIntoEmptySpaceV2(1,401,401)" executed="True" result="Success" success="True" time="0.000" asserts="2" />
                  <test-case name="StrategoTest.MainTest.TestThatPieceIsPlacedIntoEmptySpaceV2(1,801,801)" executed="True" result="Success" success="True" time="0.000" asserts="2" />
                  <test-case name="StrategoTest.MainTest.TestThatPieceIsPlacedIntoEmptySpaceV2(1,200,201)" executed="True" result="Success" success="True" time="0.000" asserts="2" />
                  <test-case name="StrategoTest.MainTest.TestThatPieceIsPlacedIntoEmptySpaceV2(1,400,401)" executed="True" result="Success" success="True" time="0.000" asserts="2" />
                  <test-case name="StrategoTest.MainTest.TestThatPieceIsPlacedIntoEmptySpaceV2(1,600,601)" executed="True" result="Success" success="True" time="0.000" asserts="2" />
                  <test-case name="StrategoTest.MainTest.TestThatPieceIsPlacedIntoEmptySpaceV2(1,800,801)" executed="True" result="Success" success="True" time="0.000" asserts="2" />
                  <test-case name="StrategoTest.MainTest.TestThatPieceIsPlacedIntoEmptySpaceV2(1,201,200)" executed="True" result="Success" success="True" time="0.000" asserts="2" />
                  <test-case name="StrategoTest.MainTest.TestThatPieceIsPlacedIntoEmptySpaceV2(1,401,400)" executed="True" result="Success" success="True" time="0.000" asserts="2" />
                  <test-case name="StrategoTest.MainTest.TestThatPieceIsPlacedIntoEmptySpaceV2(1,601,600)" executed="True" result="Success" success="True" time="0.000" asserts="2" />
                  <test-case name="StrategoTest.MainTest.TestThatPieceIsPlacedIntoEmptySpaceV2(1,801,800)" executed="True" result="Success" success="True" time="0.000" asserts="2" />
                </results>
              </test-suite>
              <test-suite type="ParameterizedTest" name="TestThatPieceIsPlacedIntoEmptySpaceV3" executed="True" result="Success" success="True" time="0.006" asserts="0">
                <results>
                  <test-case name="StrategoTest.MainTest.TestThatPieceIsPlacedIntoEmptySpaceV3(1,200,200)" executed="True" result="Success" success="True" time="0.000" asserts="2" />
                  <test-case name="StrategoTest.MainTest.TestThatPieceIsPlacedIntoEmptySpaceV3(1,600,300)" executed="True" result="Success" success="True" time="0.000" asserts="2" />
                  <test-case name="StrategoTest.MainTest.TestThatPieceIsPlacedIntoEmptySpaceV3(1,200,100)" executed="True" result="Success" success="True" time="0.000" asserts="2" />
                  <test-case name="StrategoTest.MainTest.TestThatPieceIsPlacedIntoEmptySpaceV3(1,0,200)" executed="True" result="Success" success="True" time="0.000" asserts="2" />
                  <test-case name="StrategoTest.MainTest.TestThatPieceIsPlacedIntoEmptySpaceV3(1,400,200)" executed="True" result="Success" success="True" time="0.000" asserts="2" />
                </results>
              </test-suite>
              <test-suite type="ParameterizedTest" name="TestThatPieceIsPlacedIntoEmptySpaceV4" executed="True" result="Success" success="True" time="0.003" asserts="0">
                <results>
                  <test-case name="StrategoTest.MainTest.TestThatPieceIsPlacedIntoEmptySpaceV4(1,369,762)" executed="True" result="Success" success="True" time="0.000" asserts="2" />
                  <test-case name="StrategoTest.MainTest.TestThatPieceIsPlacedIntoEmptySpaceV4(1,123,254)" executed="True" result="Success" success="True" time="0.000" asserts="2" />
                  <test-case name="StrategoTest.MainTest.TestThatPieceIsPlacedIntoEmptySpaceV4(1,246,508)" executed="True" result="Success" success="True" time="0.000" asserts="2" />
                </results>
              </test-suite>
              <test-suite type="ParameterizedTest" name="TestThatPieceReducesNumberofPiecesLeft" executed="True" result="Success" success="True" time="0.004" asserts="0">
                <results>
                  <test-case name="StrategoTest.MainTest.TestThatPieceReducesNumberofPiecesLeft(3,369,762)" executed="True" result="Success" success="True" time="0.001" asserts="2" />
                  <test-case name="StrategoTest.MainTest.TestThatPieceReducesNumberofPiecesLeft(2,246,508)" executed="True" result="Success" success="True" time="0.000" asserts="2" />
                  <test-case name="StrategoTest.MainTest.TestThatPieceReducesNumberofPiecesLeft(1,123,254)" executed="True" result="Success" success="True" time="0.000" asserts="2" />
                </results>
              </test-suite>
              <test-suite type="ParameterizedTest" name="TestThatPiecesCantBePlacedIfArrayIsEmpty" executed="True" result="Success" success="True" time="0.004" asserts="0">
                <results>
                  <test-case name="StrategoTest.MainTest.TestThatPiecesCantBePlacedIfArrayIsEmpty(3,250,50)" executed="True" result="Success" success="True" time="0.001" asserts="2" />
                  <test-case name="StrategoTest.MainTest.TestThatPiecesCantBePlacedIfArrayIsEmpty(1,50,50)" executed="True" result="Success" success="True" time="0.000" asserts="2" />
                  <test-case name="StrategoTest.MainTest.TestThatPiecesCantBePlacedIfArrayIsEmpty(2,150,50)" executed="True" result="Success" success="True" time="0.000" asserts="2" />
                </results>
              </test-suite>
            </results>
          </test-suite>
          <test-suite type="TestFixture" name="PieceTest" executed="True" result="Success" success="True" time="0.178" asserts="0">
            <results>
              <test-suite type="ParameterizedTest" name="SuperTest2" executed="True" result="Success" success="True" time="0.145" asserts="0">
                <results>
                  <test-case name="StrategoTest.PieceTest.SuperTest2(-1,6)" executed="True" result="Success" success="True" time="0.001" asserts="1" />
                  <test-case name="StrategoTest.PieceTest.SuperTest2(1,-7)" executed="True" result="Success" success="True" time="0.000" asserts="1" />
                  <test-case name="StrategoTest.PieceTest.SuperTest2(1,-8)" executed="True" result="Success" success="True" time="0.000" asserts="1" />
                  <test-case name="StrategoTest.PieceTest.SuperTest2(1,-9)" executed="True" result="Success" success="True" time="0.000" asserts="1" />
                  <test-case name="StrategoTest.PieceTest.SuperTest2(1,-10)" executed="True" result="Success" success="True" time="0.000" asserts="1" />
                  <test-case name="StrategoTest.PieceTest.SuperTest2(1,-11)" executed="True" result="Success" success="True" time="0.000" asserts="1" />
                  <test-case name="StrategoTest.PieceTest.SuperTest2(1,-12)" executed="True" result="Success" success="True" time="0.000" asserts="1" />
                  <test-case name="StrategoTest.PieceTest.SuperTest2(2,-1)" executed="True" result="Success" success="True" time="0.000" asserts="1" />
                  <test-case name="StrategoTest.PieceTest.SuperTest2(2,-2)" executed="True" result="Success" success="True" time="0.000" asserts="1" />
                  <test-case name="StrategoTest.PieceTest.SuperTest2(2,-3)" executed="True" result="Success" success="True" time="0.000" asserts="1" />
                  <test-case name="StrategoTest.PieceTest.SuperTest2(2,-4)" executed="True" result="Success" success="True" time="0.000" asserts="1" />
                  <test-case name="StrategoTest.PieceTest.SuperTest2(2,-5)" executed="True" result="Success" success="True" time="0.000" asserts="1" />
                  <test-case name="StrategoTest.PieceTest.SuperTest2(2,-6)" executed="True" result="Success" success="True" time="0.000" asserts="1" />
                  <test-case name="StrategoTest.PieceTest.SuperTest2(2,-7)" executed="True" result="Success" success="True" time="0.000" asserts="1" />
                  <test-case name="StrategoTest.PieceTest.SuperTest2(2,-8)" executed="True" result="Success" success="True" time="0.000" asserts="1" />
                  <test-case name="StrategoTest.PieceTest.SuperTest2(2,-9)" executed="True" result="Success" success="True" time="0.000" asserts="1" />
                  <test-case name="StrategoTest.PieceTest.SuperTest2(2,-10)" executed="True" result="Success" success="True" time="0.000" asserts="1" />
                  <test-case name="StrategoTest.PieceTest.SuperTest2(2,-11)" executed="True" result="Success" success="True" time="0.000" asserts="1" />
                  <test-case name="StrategoTest.PieceTest.SuperTest2(2,-12)" executed="True" result="Success" success="True" time="0.000" asserts="1" />
                  <test-case name="StrategoTest.PieceTest.SuperTest2(3,-1)" executed="True" result="Success" success="True" time="0.000" asserts="1" />
                  <test-case name="StrategoTest.PieceTest.SuperTest2(3,-2)" executed="True" result="Success" success="True" time="0.000" asserts="1" />
                  <test-case name="StrategoTest.PieceTest.SuperTest2(3,-3)" executed="True" result="Success" success="True" time="0.000" asserts="1" />
                  <test-case name="StrategoTest.PieceTest.SuperTest2(3,-4)" executed="True" result="Success" success="True" time="0.000" asserts="1" />
                  <test-case name="StrategoTest.PieceTest.SuperTest2(3,-5)" executed="True" result="Success" success="True" time="0.000" asserts="1" />
                  <test-case name="StrategoTest.PieceTest.SuperTest2(3,-6)" executed="True" result="Success" success="True" time="0.000" asserts="1" />
                  <test-case name="StrategoTest.PieceTest.SuperTest2(3,-7)" executed="True" result="Success" success="True" time="0.000" asserts="1" />
                  <test-case name="StrategoTest.PieceTest.SuperTest2(3,-8)" executed="True" result="Success" success="True" time="0.000" asserts="1" />
                  <test-case name="StrategoTest.PieceTest.SuperTest2(3,-9)" executed="True" result="Success" success="True" time="0.000" asserts="1" />
                  <test-case name="StrategoTest.PieceTest.SuperTest2(3,-10)" executed="True" result="Success" success="True" time="0.000" asserts="1" />
                  <test-case name="StrategoTest.PieceTest.SuperTest2(3,-11)" executed="True" result="Success" success="True" time="0.000" asserts="1" />
                  <test-case name="StrategoTest.PieceTest.SuperTest2(3,-12)" executed="True" result="Success" success="True" time="0.000" asserts="1" />
                  <test-case name="StrategoTest.PieceTest.SuperTest2(8,-1)" executed="True" result="Success" success="True" time="0.000" asserts="1" />
                  <test-case name="StrategoTest.PieceTest.SuperTest2(8,-2)" executed="True" result="Success" success="True" time="0.000" asserts="1" />
                  <test-case name="StrategoTest.PieceTest.SuperTest2(8,-3)" executed="True" result="Success" success="True" time="0.000" asserts="1" />
                  <test-case name="StrategoTest.PieceTest.SuperTest2(8,-4)" executed="True" result="Success" success="True" time="0.000" asserts="1" />
                  <test-case name="StrategoTest.PieceTest.SuperTest2(8,-5)" executed="True" result="Success" success="True" time="0.000" asserts="1" />
                  <test-case name="StrategoTest.PieceTest.SuperTest2(8,-6)" executed="True" result="Success" success="True" time="0.000" asserts="1" />
                  <test-case name="StrategoTest.PieceTest.SuperTest2(8,-7)" executed="True" result="Success" success="True" time="0.000" asserts="1" />
                  <test-case name="StrategoTest.PieceTest.SuperTest2(8,-8)" executed="True" result="Success" success="True" time="0.000" asserts="1" />
                  <test-case name="StrategoTest.PieceTest.SuperTest2(8,-9)" executed="True" result="Success" success="True" time="0.000" asserts="1" />
                  <test-case name="StrategoTest.PieceTest.SuperTest2(8,-10)" executed="True" result="Success" success="True" time="0.000" asserts="1" />
                  <test-case name="StrategoTest.PieceTest.SuperTest2(8,-11)" executed="True" result="Success" success="True" time="0.000" asserts="1" />
                  <test-case name="StrategoTest.PieceTest.SuperTest2(8,-12)" executed="True" result="Success" success="True" time="0.000" asserts="1" />
                  <test-case name="StrategoTest.PieceTest.SuperTest2(-1,1)" executed="True" result="Success" success="True" time="0.000" asserts="1" />
                  <test-case name="StrategoTest.PieceTest.SuperTest2(-1,2)" executed="True" result="Success" success="True" time="0.000" asserts="1" />
                  <test-case name="StrategoTest.PieceTest.SuperTest2(-1,3)" executed="True" result="Success" success="True" time="0.000" asserts="1" />
                  <test-case name="StrategoTest.PieceTest.SuperTest2(-1,4)" executed="True" result="Success" success="True" time="0.000" asserts="1" />
                  <test-case name="StrategoTest.PieceTest.SuperTest2(-1,5)" executed="True" result="Success" success="True" time="0.000" asserts="1" />
                  <test-case name="StrategoTest.PieceTest.SuperTest2(1,-2)" executed="True" result="Success" success="True" time="0.000" asserts="1" />
                  <test-case name="StrategoTest.PieceTest.SuperTest2(-1,7)" executed="True" result="Success" success="True" time="0.000" asserts="1" />
                  <test-case name="StrategoTest.PieceTest.SuperTest2(-1,8)" executed="True" result="Success" success="True" time="0.000" asserts="1" />
                  <test-case name="StrategoTest.PieceTest.SuperTest2(-1,9)" executed="True" result="Success" success="True" time="0.000" asserts="1" />
                  <test-case name="StrategoTest.PieceTest.SuperTest2(-1,10)" executed="True" result="Success" success="True" time="0.000" asserts="1" />
                  <test-case name="StrategoTest.PieceTest.SuperTest2(-1,11)" executed="True" result="Success" success="True" time="0.000" asserts="1" />
                  <test-case name="StrategoTest.PieceTest.SuperTest2(-1,12)" executed="True" result="Success" success="True" time="0.000" asserts="1" />
                  <test-case name="StrategoTest.PieceTest.SuperTest2(-2,1)" executed="True" result="Success" success="True" time="0.000" asserts="1" />
                  <test-case name="StrategoTest.PieceTest.SuperTest2(-2,2)" executed="True" result="Success" success="True" time="0.000" asserts="1" />
                  <test-case name="StrategoTest.PieceTest.SuperTest2(-2,3)" executed="True" result="Success" success="True" time="0.000" asserts="1" />
                  <test-case name="StrategoTest.PieceTest.SuperTest2(-2,4)" executed="True" result="Success" success="True" time="0.000" asserts="1" />
                  <test-case name="StrategoTest.PieceTest.SuperTest2(-2,5)" executed="True" result="Success" success="True" time="0.000" asserts="1" />
                  <test-case name="StrategoTest.PieceTest.SuperTest2(-2,6)" executed="True" result="Success" success="True" time="0.000" asserts="1" />
                  <test-case name="StrategoTest.PieceTest.SuperTest2(-2,7)" executed="True" result="Success" success="True" time="0.000" asserts="1" />
                  <test-case name="StrategoTest.PieceTest.SuperTest2(-2,8)" executed="True" result="Success" success="True" time="0.000" asserts="1" />
                  <test-case name="StrategoTest.PieceTest.SuperTest2(-2,9)" executed="True" result="Success" success="True" time="0.000" asserts="1" />
                  <test-case name="StrategoTest.PieceTest.SuperTest2(1,-6)" executed="True" result="Success" success="True" time="0.000" asserts="1" />
                  <test-case name="StrategoTest.PieceTest.SuperTest2(-2,11)" executed="True" result="Success" success="True" time="0.000" asserts="1" />
                  <test-case name="StrategoTest.PieceTest.SuperTest2(-2,12)" executed="True" result="Success" success="True" time="0.000" asserts="1" />
                  <test-case name="StrategoTest.PieceTest.SuperTest2(-3,1)" executed="True" result="Success" success="True" time="0.000" asserts="1" />
                  <test-case name="StrategoTest.PieceTest.SuperTest2(-3,2)" executed="True" result="Success" success="True" time="0.000" asserts="1" />
                  <test-case name="StrategoTest.PieceTest.SuperTest2(-3,3)" executed="True" result="Success" success="True" time="0.000" asserts="1" />
                  <test-case name="StrategoTest.PieceTest.SuperTest2(-3,4)" executed="True" result="Success" success="True" time="0.000" asserts="1" />
                  <test-case name="StrategoTest.PieceTest.SuperTest2(-3,5)" executed="True" result="Success" success="True" time="0.000" asserts="1" />
                  <test-case name="StrategoTest.PieceTest.SuperTest2(-3,6)" executed="True" result="Success" success="True" time="0.000" asserts="1" />
                  <test-case name="StrategoTest.PieceTest.SuperTest2(-3,7)" executed="True" result="Success" success="True" time="0.000" asserts="1" />
                  <test-case name="StrategoTest.PieceTest.SuperTest2(-3,8)" executed="True" result="Success" success="True" time="0.000" asserts="1" />
                  <test-case name="StrategoTest.PieceTest.SuperTest2(-3,9)" executed="True" result="Success" success="True" time="0.000" asserts="1" />
                  <test-case name="StrategoTest.PieceTest.SuperTest2(-3,10)" executed="True" result="Success" success="True" time="0.000" asserts="1" />
                  <test-case name="StrategoTest.PieceTest.SuperTest2(-3,11)" executed="True" result="Success" success="True" time="0.000" asserts="1" />
                  <test-case name="StrategoTest.PieceTest.SuperTest2(-3,12)" executed="True" result="Success" success="True" time="0.000" asserts="1" />
                  <test-case name="StrategoTest.PieceTest.SuperTest2(-8,1)" executed="True" result="Success" success="True" time="0.000" asserts="1" />
                  <test-case name="StrategoTest.PieceTest.SuperTest2(-8,2)" executed="True" result="Success" success="True" time="0.000" asserts="1" />
                  <test-case name="StrategoTest.PieceTest.SuperTest2(-8,3)" executed="True" result="Success" success="True" time="0.000" asserts="1" />
                  <test-case name="StrategoTest.PieceTest.SuperTest2(-8,4)" executed="True" result="Success" success="True" time="0.000" asserts="1" />
                  <test-case name="StrategoTest.PieceTest.SuperTest2(-8,5)" executed="True" result="Success" success="True" time="0.000" asserts="1" />
                  <test-case name="StrategoTest.PieceTest.SuperTest2(-8,6)" executed="True" result="Success" success="True" time="0.000" asserts="1" />
                  <test-case name="StrategoTest.PieceTest.SuperTest2(-8,7)" executed="True" result="Success" success="True" time="0.000" asserts="1" />
                  <test-case name="StrategoTest.PieceTest.SuperTest2(-8,8)" executed="True" result="Success" success="True" time="0.000" asserts="1" />
                  <test-case name="StrategoTest.PieceTest.SuperTest2(-8,9)" executed="True" result="Success" success="True" time="0.000" asserts="1" />
                  <test-case name="StrategoTest.PieceTest.SuperTest2(-8,10)" executed="True" result="Success" success="True" time="0.000" asserts="1" />
                  <test-case name="StrategoTest.PieceTest.SuperTest2(-8,11)" executed="True" result="Success" success="True" time="0.000" asserts="1" />
                  <test-case name="StrategoTest.PieceTest.SuperTest2(-8,12)" executed="True" result="Success" success="True" time="0.000" asserts="1" />
                  <test-case name="StrategoTest.PieceTest.SuperTest2(-10,10)" executed="True" result="Success" success="True" time="0.000" asserts="1" />
                  <test-case name="StrategoTest.PieceTest.SuperTest2(-2,10)" executed="True" result="Success" success="True" time="0.000" asserts="1" />
                  <test-case name="StrategoTest.PieceTest.SuperTest2(-4,7)" executed="True" result="Success" success="True" time="0.000" asserts="1" />
                  <test-case name="StrategoTest.PieceTest.SuperTest2(8,-11)" executed="True" result="Success" success="True" time="0.000" asserts="1" />
                  <test-case name="StrategoTest.PieceTest.SuperTest2(-3,11)" executed="True" result="Success" success="True" time="0.000" asserts="1" />
                  <test-case name="StrategoTest.PieceTest.SuperTest2(9,-5)" executed="True" result="Success" success="True" time="0.000" asserts="1" />
                  <test-case name="StrategoTest.PieceTest.SuperTest2(1,-10)" executed="True" result="Success" success="True" time="0.000" asserts="1" />
                  <test-case name="StrategoTest.PieceTest.SuperTest2(8,-12)" executed="True" result="Success" success="True" time="0.000" asserts="1" />
                  <test-case name="StrategoTest.PieceTest.SuperTest2(6,-6)" executed="True" result="Success" success="True" time="0.000" asserts="1" />
                  <test-case name="StrategoTest.PieceTest.SuperTest2(10,-1)" executed="True" result="Success" success="True" time="0.000" asserts="1" />
                  <test-case name="StrategoTest.PieceTest.SuperTest2(1,-1)" executed="True" result="Success" success="True" time="0.000" asserts="1" />
                  <test-case name="StrategoTest.PieceTest.SuperTest2(1,-2)" executed="True" result="Success" success="True" time="0.000" asserts="1" />
                  <test-case name="StrategoTest.PieceTest.SuperTest2(1,-3)" executed="True" result="Success" success="True" time="0.000" asserts="1" />
                  <test-case name="StrategoTest.PieceTest.SuperTest2(1,-4)" executed="True" result="Success" success="True" time="0.000" asserts="1" />
                  <test-case name="StrategoTest.PieceTest.SuperTest2(1,-5)" executed="True" result="Success" success="True" time="0.000" asserts="1" />
                </results>
              </test-suite>
              <test-suite type="ParameterizedTest" name="TestPieceToString" executed="True" result="Success" success="True" time="0.021" asserts="0">
                <results>
                  <test-case name="StrategoTest.PieceTest.TestPieceToString(1)" executed="True" result="Success" success="True" time="0.001" asserts="1" />
                  <test-case name="StrategoTest.PieceTest.TestPieceToString(2)" executed="True" result="Success" success="True" time="0.000" asserts="1" />
                  <test-case name="StrategoTest.PieceTest.TestPieceToString(3)" executed="True" result="Success" success="True" time="0.000" asserts="1" />
                  <test-case name="StrategoTest.PieceTest.TestPieceToString(4)" executed="True" result="Success" success="True" time="0.000" asserts="1" />
                  <test-case name="StrategoTest.PieceTest.TestPieceToString(5)" executed="True" result="Success" success="True" time="0.000" asserts="1" />
                  <test-case name="StrategoTest.PieceTest.TestPieceToString(6)" executed="True" result="Success" success="True" time="0.000" asserts="1" />
                  <test-case name="StrategoTest.PieceTest.TestPieceToString(7)" executed="True" result="Success" success="True" time="0.000" asserts="1" />
                  <test-case name="StrategoTest.PieceTest.TestPieceToString(8)" executed="True" result="Success" success="True" time="0.000" asserts="1" />
                  <test-case name="StrategoTest.PieceTest.TestPieceToString(9)" executed="True" result="Success" success="True" time="0.000" asserts="1" />
                  <test-case name="StrategoTest.PieceTest.TestPieceToString(10)" executed="True" result="Success" success="True" time="0.000" asserts="1" />
                  <test-case name="StrategoTest.PieceTest.TestPieceToString(11)" executed="True" result="Success" success="True" time="0.000" asserts="1" />
                  <test-case name="StrategoTest.PieceTest.TestPieceToString(12)" executed="True" result="Success" success="True" time="0.000" asserts="1" />
                  <test-case name="StrategoTest.PieceTest.TestPieceToString(-4)" executed="True" result="Success" success="True" time="0.000" asserts="1" />
                  <test-case name="StrategoTest.PieceTest.TestPieceToString(-5)" executed="True" result="Success" success="True" time="0.000" asserts="1" />
                  <test-case name="StrategoTest.PieceTest.TestPieceToString(-8)" executed="True" result="Success" success="True" time="0.000" asserts="1" />
                </results>
              </test-suite>
            </results>
          </test-suite>
        </results>
      </test-suite>
    </results>
  </test-suite>
</test-results>