<?xml version="1.0" encoding="utf-8" standalone="no"?>
<!--This file represents the results of running a test suite-->
<test-results name="C:\Users\knispeja\Documents\GitHub\CSSE376---The-Tunnel-Snakes\StrategoTest\bin\Debug\StrategoTest.dll" total="3" errors="0" failures="1" not-run="0" inconclusive="0" ignored="0" skipped="0" invalid="0" date="2015-04-03" time="00:52:38">
  <environment nunit-version="2.6.4.14350" clr-version="2.0.50727.5485" os-version="Microsoft Windows NT 6.1.7601 Service Pack 1" platform="Win32NT" cwd="C:\Program Files (x86)\NUnit 2.6.4\bin" machine-name="KNISPEJA-1" user="knispeja" user-domain="KNISPEJA-1" />
  <culture-info current-culture="en-US" current-uiculture="en-US" />
  <test-suite type="Assembly" name="C:\Users\knispeja\Documents\GitHub\CSSE376---The-Tunnel-Snakes\StrategoTest\bin\Debug\StrategoTest.dll" executed="True" result="Failure" success="False" time="4.726" asserts="0">
    <results>
      <test-suite type="Namespace" name="StrategoTest" executed="True" result="Failure" success="False" time="4.710" asserts="0">
        <results>
          <test-suite type="TestFixture" name="MainTest" executed="True" result="Failure" success="False" time="4.709" asserts="0">
            <results>
              <test-suite type="ParameterizedTest" name="TestThatNothingCanBePlacedInFilledSpace" executed="True" result="Success" success="True" time="4.685" asserts="0">
                <results>
                  <test-case name="StrategoTest.MainTest.TestThatNothingCanBePlacedInFilledSpace(1,100,100)" executed="True" result="Success" success="True" time="4.679" asserts="1" />
                </results>
              </test-suite>
              <test-suite type="ParameterizedTest" name="TestThatNothingCanBePlacedInNullSpace" executed="True" result="Success" success="True" time="0.001" asserts="0">
                <results>
                  <test-case name="StrategoTest.MainTest.TestThatNothingCanBePlacedInNullSpace(1,100,100)" executed="True" result="Success" success="True" time="0.000" asserts="1" />
                </results>
              </test-suite>
              <test-suite type="ParameterizedTest" name="TestThatPieceIsPlacedIntoEmptySpace" executed="True" result="Failure" success="False" time="0.010" asserts="0">
                <results>
                  <test-case name="StrategoTest.MainTest.TestThatPieceIsPlacedIntoEmptySpace(1,100,100)" executed="True" result="Failure" success="False" time="0.010" asserts="1">
                    <failure>
                      <message><![CDATA[  Expected: True
  But was:  False
]]></message>
                      <stack-trace><![CDATA[at StrategoTest.MainTest.TestThatPieceIsPlacedIntoEmptySpace(Int32 piece, Int32 x, Int32 y) in c:\Users\knispeja\Documents\GitHub\CSSE376---The-Tunnel-Snakes\StrategoTest\MainTest.cs:line 28
]]></stack-trace>
                    </failure>
                  </test-case>
                </results>
              </test-suite>
            </results>
          </test-suite>
        </results>
      </test-suite>
    </results>
  </test-suite>
</test-results>